<?xml version="1.0" encoding="UTF-8"?>
<testsuite name="SOAP Project.TestSuite 1" tests="5" failures="0" errors="0" time="67.178"><properties><property name="java.runtime.name" value="Java(TM) SE Runtime Environment"/><property name="sun.boot.library.path" value="C:\Program Files\java\jdk1.8.0_201\jre\bin"/><property name="java.vm.version" value="25.201-b09"/><property name="maven.multiModuleProjectDirectory" value="C:\Users\SONALIKHOPDE\Desktop\API Testing Code\my-app"/><property name="java.vm.vendor" value="Oracle Corporation"/><property name="java.vendor.url" value="http://java.oracle.com/"/><property name="guice.disable.misplaced.annotation.check" value="true"/><property name="path.separator" value=";"/><property name="java.vm.name" value="Java HotSpot(TM) 64-Bit Server VM"/><property name="file.encoding.pkg" value="sun.io"/><property name="user.country" value="IN"/><property name="user.script" value=""/><property name="sun.java.launcher" value="SUN_STANDARD"/><property name="sun.os.patch.level" value=""/><property name="java.vm.specification.name" value="Java Virtual Machine Specification"/><property name="user.dir" value="C:\Users\SONALIKHOPDE\Desktop\API Testing Code\my-app"/><property name="java.runtime.version" value="1.8.0_201-b09"/><property name="java.awt.graphicsenv" value="sun.awt.Win32GraphicsEnvironment"/><property name="java.endorsed.dirs" value="C:\Program Files\java\jdk1.8.0_201\jre\lib\endorsed"/><property name="os.arch" value="amd64"/><property name="java.io.tmpdir" value="C:\Users\SONALI~1\AppData\Local\Temp\"/><property name="line.separator" value="
"/><property name="java.vm.specification.vendor" value="Oracle Corporation"/><property name="user.variant" value=""/><property name="os.name" value="Windows 10"/><property name="classworlds.conf" value="C:\Sonali\Ignite SDET\Installers\apache-maven-3.6.3\bin\..\bin\m2.conf"/><property name="sun.jnu.encoding" value="Cp1252"/><property name="java.library.path" value="C:\Program Files\java\jdk1.8.0_201\bin;C:\WINDOWS\Sun\Java\bin;C:\WINDOWS\system32;C:\WINDOWS;C:\Program Files\java\jdk1.8.0_201\bin;C:\Sonali\Ignite Selenium\Selenium WebDriver\apache-maven-3.6.0-bin\bin;C:\Program Files (x86)\Common Files\Oracle\Java\javapath;C:\ProgramData\Oracle\Java\javapath;C:\WINDOWS\system32;C:\WINDOWS;C:\WINDOWS\System32\Wbem;C:\WINDOWS\System32\WindowsPowerShell\v1.0\;C:\WINDOWS\System32\OpenSSH\;C:\Program Files\Intel\WiFi\bin\;C:\Program Files\Common Files\Intel\WirelessCommon\;C:\Program Files (x86)\Intel\Intel(R) Management Engine Components\DAL;C:\Program Files\Intel\Intel(R) Management Engine Components\DAL;C:\Program Files\Git\cmd;C:\Sonali\Ignite SDET\Installers\apache-maven-3.6.3\bin;C:\Users\SONALIKHOPDE\AppData\Local\Programs\Python\Python39\Scripts\;C:\Users\SONALIKHOPDE\AppData\Local\Programs\Python\Python39\;C:\Users\SONALIKHOPDE\AppData\Local\Microsoft\WindowsApps;C:\Program Files\Intel\WiFi\bin\;C:\Program Files\Common Files\Intel\WirelessCommon\;C:\sqldeveloper\jdk\jre\bin;C:\Users\SONALIKHOPDE\AppData\Local\Box\Box Edit\;."/><property name="maven.conf" value="C:\Sonali\Ignite SDET\Installers\apache-maven-3.6.3\bin\../conf"/><property name="sun.awt.enableExtraMouseButtons" value="true"/><property name="java.specification.name" value="Java Platform API Specification"/><property name="java.class.version" value="52.0"/><property name="sun.management.compiler" value="HotSpot 64-Bit Tiered Compilers"/><property name="os.version" value="10.0"/><property name="library.jansi.path" value="C:\Sonali\Ignite SDET\Installers\apache-maven-3.6.3\bin\..\lib\jansi-native"/><property name="user.home" value="C:\Users\SONALIKHOPDE"/><property name="user.timezone" value="Asia/Calcutta"/><property name="java.awt.printerjob" value="sun.awt.windows.WPrinterJob"/><property name="file.encoding" value="Cp1252"/><property name="java.specification.version" value="1.8"/><property name="java.class.path" value="C:\Sonali\Ignite SDET\Installers\apache-maven-3.6.3\bin\..\boot\plexus-classworlds-2.6.0.jar"/><property name="user.name" value="SONALIKHOPDE"/><property name="java.vm.specification.version" value="1.8"/><property name="sun.java.command" value="org.codehaus.plexus.classworlds.launcher.Launcher site"/><property name="java.home" value="C:\Program Files\java\jdk1.8.0_201\jre"/><property name="sun.arch.data.model" value="64"/><property name="user.language" value="en"/><property name="java.specification.vendor" value="Oracle Corporation"/><property name="awt.toolkit" value="sun.awt.windows.WToolkit"/><property name="java.vm.info" value="mixed mode"/><property name="java.version" value="1.8.0_201"/><property name="java.ext.dirs" value="C:\Program Files\java\jdk1.8.0_201\jre\lib\ext;C:\WINDOWS\Sun\Java\lib\ext"/><property name="sun.boot.class.path" value="C:\Program Files\java\jdk1.8.0_201\jre\lib\resources.jar;C:\Program Files\java\jdk1.8.0_201\jre\lib\rt.jar;C:\Program Files\java\jdk1.8.0_201\jre\lib\sunrsasign.jar;C:\Program Files\java\jdk1.8.0_201\jre\lib\jsse.jar;C:\Program Files\java\jdk1.8.0_201\jre\lib\jce.jar;C:\Program Files\java\jdk1.8.0_201\jre\lib\charsets.jar;C:\Program Files\java\jdk1.8.0_201\jre\lib\jfr.jar;C:\Program Files\java\jdk1.8.0_201\jre\classes"/><property name="java.vendor" value="Oracle Corporation"/><property name="sun.stderr.encoding" value="cp437"/><property name="maven.home" value="C:\Sonali\Ignite SDET\Installers\apache-maven-3.6.3\bin\.."/><property name="file.separator" value="\"/><property name="java.vendor.url.bug" value="http://bugreport.sun.com/bugreport/"/><property name="sun.io.unicode.encoding" value="UnicodeLittle"/><property name="sun.cpu.endian" value="little"/><property name="sun.stdout.encoding" value="cp437"/><property name="sun.desktop" value="windows"/><property name="sun.cpu.isalist" value="amd64"/></properties><testcase name="Using Prop and PropTransfer" time="11.2"/><testcase name="Using Prop and Prop Expansion" time="20.51"/><testcase name="Using Groovy" time="2.701"/><testcase name="Using Prop and Prop Expansion" time="16.331"/><testcase name="Calling Prop Expansion using Groovy" time="16.436"/></testsuite>